running develop
/usr/lib/python3/dist-packages/setuptools/command/easy_install.py:158: EasyInstallDeprecationWarning: easy_install command is deprecated. Use build and pip and other standards-based tools.
  warnings.warn(
running egg_info
creating robot_controlelr.egg-info
writing robot_controlelr.egg-info/PKG-INFO
writing dependency_links to robot_controlelr.egg-info/dependency_links.txt
writing entry points to robot_controlelr.egg-info/entry_points.txt
writing requirements to robot_controlelr.egg-info/requires.txt
writing top-level names to robot_controlelr.egg-info/top_level.txt
writing manifest file 'robot_controlelr.egg-info/SOURCES.txt'
reading manifest file 'robot_controlelr.egg-info/SOURCES.txt'
writing manifest file 'robot_controlelr.egg-info/SOURCES.txt'
running build_ext
Creating /home/youssef/ros2_rover/install/robot_controlelr/lib/python3.10/site-packages/robot-controlelr.egg-link (link to .)
Installing read_key_stroke script to /home/youssef/ros2_rover/install/robot_controlelr/lib/robot_controlelr

Installed /home/youssef/ros2_rover/build/robot_controlelr
running symlink_data
creating /home/youssef/ros2_rover/install/robot_controlelr/share/ament_index
creating /home/youssef/ros2_rover/install/robot_controlelr/share/ament_index/resource_index
creating /home/youssef/ros2_rover/install/robot_controlelr/share/ament_index/resource_index/packages
symbolically linking /home/youssef/ros2_rover/build/robot_controlelr/resource/robot_controlelr -> /home/youssef/ros2_rover/install/robot_controlelr/share/ament_index/resource_index/packages
symbolically linking /home/youssef/ros2_rover/build/robot_controlelr/package.xml -> /home/youssef/ros2_rover/install/robot_controlelr/share/robot_controlelr
