[0.106s] DEBUG:colcon:Command line arguments: ['/usr/bin/colcon', 'list', '-p', '--base-paths', '/home/youssef/ros2_rover']
[0.106s] DEBUG:colcon:Parsed command line arguments: Namespace(log_base=None, log_level=None, verb_name='list', build_base='build', ignore_user_meta=False, metas=['./colcon.meta'], base_paths=['/home/youssef/ros2_rover'], packages_ignore=None, packages_ignore_regex=None, paths=None, packages_up_to=None, packages_up_to_regex=None, packages_above=None, packages_above_and_dependencies=None, packages_above_depth=None, packages_select_by_dep=None, packages_skip_by_dep=None, packages_skip_up_to=None, packages_select_build_failed=False, packages_skip_build_finished=False, packages_select_test_failures=False, packages_skip_test_passed=False, packages_select=None, packages_skip=None, packages_select_regex=None, packages_skip_regex=None, packages_start=None, packages_end=None, allow_overriding=[], topological_order=False, names_only=False, paths_only=True, topological_graph=False, topological_graph_dot=False, topological_graph_density=False, topological_graph_legend=False, topological_graph_dot_cluster=False, topological_graph_dot_include_skipped=False, verb_parser=<colcon_defaults.argument_parser.defaults.DefaultArgumentsDecorator object at 0x7bd51e2323b0>, verb_extension=<colcon_package_information.verb.list.ListVerb object at 0x7bd51e231510>, main=<bound method ListVerb.main of <colcon_package_information.verb.list.ListVerb object at 0x7bd51e231510>>)
[0.285s] Level 1:colcon.colcon_core.package_discovery:discover_packages(colcon_meta) check parameters
[0.285s] Level 1:colcon.colcon_core.package_discovery:discover_packages(recursive) check parameters
[0.285s] Level 1:colcon.colcon_core.package_discovery:discover_packages(ignore) check parameters
[0.285s] Level 1:colcon.colcon_core.package_discovery:discover_packages(path) check parameters
[0.285s] Level 1:colcon.colcon_core.package_discovery:discover_packages(recursive) discover
[0.285s] INFO:colcon.colcon_core.package_discovery:Crawling recursively for packages in '/home/youssef/ros2_rover'
[0.286s] Level 1:colcon.colcon_core.package_identification:_identify(/home/youssef/ros2_rover) by extensions ['ignore', 'ignore_ament_install']
[0.286s] Level 1:colcon.colcon_core.package_identification:_identify(/home/youssef/ros2_rover) by extension 'ignore'
[0.286s] Level 1:colcon.colcon_core.package_identification:_identify(/home/youssef/ros2_rover) by extension 'ignore_ament_install'
[0.286s] Level 1:colcon.colcon_core.package_identification:_identify(/home/youssef/ros2_rover) by extensions ['colcon_pkg']
[0.286s] Level 1:colcon.colcon_core.package_identification:_identify(/home/youssef/ros2_rover) by extension 'colcon_pkg'
[0.286s] Level 1:colcon.colcon_core.package_identification:_identify(/home/youssef/ros2_rover) by extensions ['colcon_meta']
[0.286s] Level 1:colcon.colcon_core.package_identification:_identify(/home/youssef/ros2_rover) by extension 'colcon_meta'
[0.286s] Level 1:colcon.colcon_core.package_identification:_identify(/home/youssef/ros2_rover) by extensions ['ros']
[0.286s] Level 1:colcon.colcon_core.package_identification:_identify(/home/youssef/ros2_rover) by extension 'ros'
[0.298s] Level 1:colcon.colcon_core.package_identification:_identify(/home/youssef/ros2_rover) by extensions ['cmake', 'python']
[0.298s] Level 1:colcon.colcon_core.package_identification:_identify(/home/youssef/ros2_rover) by extension 'cmake'
[0.298s] Level 1:colcon.colcon_core.package_identification:_identify(/home/youssef/ros2_rover) by extension 'python'
[0.298s] Level 1:colcon.colcon_core.package_identification:_identify(/home/youssef/ros2_rover) by extensions ['python_setup_py']
[0.298s] Level 1:colcon.colcon_core.package_identification:_identify(/home/youssef/ros2_rover) by extension 'python_setup_py'
[0.299s] Level 1:colcon.colcon_core.package_identification:_identify(/home/youssef/ros2_rover/build) by extensions ['ignore', 'ignore_ament_install']
[0.299s] Level 1:colcon.colcon_core.package_identification:_identify(/home/youssef/ros2_rover/build) by extension 'ignore'
[0.299s] Level 1:colcon.colcon_core.package_identification:_identify(/home/youssef/ros2_rover/build) ignored
[0.299s] Level 1:colcon.colcon_core.package_identification:_identify(/home/youssef/ros2_rover/install) by extensions ['ignore', 'ignore_ament_install']
[0.299s] Level 1:colcon.colcon_core.package_identification:_identify(/home/youssef/ros2_rover/install) by extension 'ignore'
[0.299s] Level 1:colcon.colcon_core.package_identification:_identify(/home/youssef/ros2_rover/install) ignored
[0.299s] Level 1:colcon.colcon_core.package_identification:_identify(/home/youssef/ros2_rover/log) by extensions ['ignore', 'ignore_ament_install']
[0.299s] Level 1:colcon.colcon_core.package_identification:_identify(/home/youssef/ros2_rover/log) by extension 'ignore'
[0.299s] Level 1:colcon.colcon_core.package_identification:_identify(/home/youssef/ros2_rover/log) ignored
[0.299s] Level 1:colcon.colcon_core.package_identification:_identify(/home/youssef/ros2_rover/src) by extensions ['ignore', 'ignore_ament_install']
[0.300s] Level 1:colcon.colcon_core.package_identification:_identify(/home/youssef/ros2_rover/src) by extension 'ignore'
[0.300s] Level 1:colcon.colcon_core.package_identification:_identify(/home/youssef/ros2_rover/src) by extension 'ignore_ament_install'
[0.300s] Level 1:colcon.colcon_core.package_identification:_identify(/home/youssef/ros2_rover/src) by extensions ['colcon_pkg']
[0.300s] Level 1:colcon.colcon_core.package_identification:_identify(/home/youssef/ros2_rover/src) by extension 'colcon_pkg'
[0.300s] Level 1:colcon.colcon_core.package_identification:_identify(/home/youssef/ros2_rover/src) by extensions ['colcon_meta']
[0.300s] Level 1:colcon.colcon_core.package_identification:_identify(/home/youssef/ros2_rover/src) by extension 'colcon_meta'
[0.300s] Level 1:colcon.colcon_core.package_identification:_identify(/home/youssef/ros2_rover/src) by extensions ['ros']
[0.300s] Level 1:colcon.colcon_core.package_identification:_identify(/home/youssef/ros2_rover/src) by extension 'ros'
[0.300s] Level 1:colcon.colcon_core.package_identification:_identify(/home/youssef/ros2_rover/src) by extensions ['cmake', 'python']
[0.300s] Level 1:colcon.colcon_core.package_identification:_identify(/home/youssef/ros2_rover/src) by extension 'cmake'
[0.300s] Level 1:colcon.colcon_core.package_identification:_identify(/home/youssef/ros2_rover/src) by extension 'python'
[0.300s] Level 1:colcon.colcon_core.package_identification:_identify(/home/youssef/ros2_rover/src) by extensions ['python_setup_py']
[0.300s] Level 1:colcon.colcon_core.package_identification:_identify(/home/youssef/ros2_rover/src) by extension 'python_setup_py'
[0.300s] Level 1:colcon.colcon_core.package_identification:_identify(/home/youssef/ros2_rover/src/robot_controlelr) by extensions ['ignore', 'ignore_ament_install']
[0.300s] Level 1:colcon.colcon_core.package_identification:_identify(/home/youssef/ros2_rover/src/robot_controlelr) by extension 'ignore'
[0.300s] Level 1:colcon.colcon_core.package_identification:_identify(/home/youssef/ros2_rover/src/robot_controlelr) by extension 'ignore_ament_install'
[0.300s] Level 1:colcon.colcon_core.package_identification:_identify(/home/youssef/ros2_rover/src/robot_controlelr) by extensions ['colcon_pkg']
[0.301s] Level 1:colcon.colcon_core.package_identification:_identify(/home/youssef/ros2_rover/src/robot_controlelr) by extension 'colcon_pkg'
[0.301s] Level 1:colcon.colcon_core.package_identification:_identify(/home/youssef/ros2_rover/src/robot_controlelr) by extensions ['colcon_meta']
[0.301s] Level 1:colcon.colcon_core.package_identification:_identify(/home/youssef/ros2_rover/src/robot_controlelr) by extension 'colcon_meta'
[0.301s] Level 1:colcon.colcon_core.package_identification:_identify(/home/youssef/ros2_rover/src/robot_controlelr) by extensions ['ros']
[0.301s] Level 1:colcon.colcon_core.package_identification:_identify(/home/youssef/ros2_rover/src/robot_controlelr) by extension 'ros'
[0.305s] DEBUG:colcon.colcon_core.package_identification:Package '/home/youssef/ros2_rover/src/robot_controlelr' with type 'ros.ament_cmake' and name 'robot_controlelr'
[0.305s] Level 1:colcon.colcon_core.package_discovery:discover_packages(recursive) using defaults
